<?xml version="1.0" encoding="UTF-8"?>
<!-- Generated by org.testng.reporters.JUnitReportReporter -->
<testsuite skipped="0" hostname="DKW1529" name="getRequest.GetData" tests="1" failures="0" timestamp="30 Jul 2018 11:07:38 GMT" time="5.707" errors="0">
  <testcase name="testBody" time="5.707" classname="getRequest.GetData"/>
</testsuite> <!-- getRequest.GetData -->
